Loaded 200 nodes, 800 nets from vlsi_placement/data/test_netlists/
Loaded 200 nodes, 800 nets from vlsi_placement/data/test_netlists/
Loaded 200 nodes, 800 nets from vlsi_placement/data/test_netlists/
Loaded 200 nodes, 800 nets from vlsi_placement/data/test_netlists/
Loaded 200 nodes, 800 nets from vlsi_placement/data/test_netlists/
Loaded 200 nodes, 800 nets from vlsi_placement/data/test_netlists/
Loaded 200 nodes, 800 nets from vlsi_placement/data/test_netlists/
Loaded 200 nodes, 800 nets from vlsi_placement/data/test_netlists/
Loaded 200 nodes, 800 nets from vlsi_placement/data/test_netlists/
Loaded 200 nodes, 800 nets from vlsi_placement/data/test_netlists/
Loaded 10 test netlists
GPU cap: max_modules=200, diffusion steps=50
Loaded MDP policy from vlsi_placement/checkpoints/mdp_policy.pt
Diffusion architecture (checkpoint metadata): hidden_dim=128, num_layers=4, timesteps=1000
Loaded diffusion EMA weights from checkpoint
Loaded diffusion model from vlsi_placement/checkpoints/diffusion.pt

============================================================
Netlist 1/10: 200 modules, 800 nets
============================================================
  Running SA... done. HPWL=5405, Overlap=100.00%, Time=1.9s
  Running Analytical... done. HPWL=529758, Overlap=28.97%, Time=0.0s
  Running MDP... /mnt/fuso/DC/vlsi_placement/scripts/../src/models/gnn.py:108: UserWarning: index_reduce() is in beta and the API may change at any time. (Triggered internally at /pytorch/aten/src/ATen/native/cuda/Indexing.cu:1541.)
  alpha_max.index_reduce_(0, dst, alpha, 'amax', include_self=False)
done. HPWL=314812, Overlap=100.00%, Time=1.8s
  Running MDP+Diffusion... [Variance Alignment] Grid cell: 15.62×15.62, quantization var: 40.6901, matched K=999 (1-ᾶ_K=0.9968)
done. HPWL=346928, Overlap=37.49%, Time=226.3s

============================================================
Netlist 2/10: 200 modules, 800 nets
============================================================
  Running SA... done. HPWL=4909, Overlap=100.00%, Time=1.6s
  Running Analytical... done. HPWL=541931, Overlap=39.67%, Time=0.0s
  Running MDP... done. HPWL=243719, Overlap=100.00%, Time=1.6s
  Running MDP+Diffusion... [Variance Alignment] Grid cell: 15.62×15.62, quantization var: 40.6901, matched K=999 (1-ᾶ_K=0.9968)
done. HPWL=290371, Overlap=36.65%, Time=230.7s

============================================================
Netlist 3/10: 200 modules, 800 nets
============================================================
  Running SA... done. HPWL=5687, Overlap=100.00%, Time=1.9s
  Running Analytical... done. HPWL=479410, Overlap=30.85%, Time=0.1s
  Running MDP... done. HPWL=270328, Overlap=100.00%, Time=1.9s
  Running MDP+Diffusion... [Variance Alignment] Grid cell: 15.62×15.62, quantization var: 40.6901, matched K=999 (1-ᾶ_K=0.9968)
done. HPWL=305726, Overlap=47.31%, Time=227.0s

============================================================
Netlist 4/10: 200 modules, 800 nets
============================================================
  Running SA... done. HPWL=5765, Overlap=100.00%, Time=1.7s
  Running Analytical... done. HPWL=553238, Overlap=29.13%, Time=0.0s
  Running MDP... done. HPWL=263750, Overlap=100.00%, Time=1.9s
  Running MDP+Diffusion... [Variance Alignment] Grid cell: 15.62×15.62, quantization var: 40.6901, matched K=999 (1-ᾶ_K=0.9968)
done. HPWL=303678, Overlap=44.30%, Time=206.8s

============================================================
Netlist 5/10: 200 modules, 800 nets
============================================================
  Running SA... done. HPWL=5857, Overlap=100.00%, Time=1.6s
  Running Analytical... done. HPWL=533795, Overlap=53.82%, Time=0.0s
  Running MDP... done. HPWL=292312, Overlap=100.00%, Time=1.6s
  Running MDP+Diffusion... 